[:heuristic: 5001 12]
[:heuristic: 4000 12]
[:heuristic: 5002 21]
[:heuristic: 6001 12]
[:heuristic: 7000 12]
[:heuristic: 9001 12]
[:heuristic: 8002 21]
[:heuristic: 10001 14]
[:heuristic: 11002 21]
[:heuristic: 12001 12]
[:heuristic: 13002 21]
[:heuristic: 14001 14]
[:heuristic: 15002 21]
[:heuristic: 16001 12]
[:heuristic: 17002 21]
[:heuristic: 18001 12]
[:heuristic: 19002 16]
[:heuristic: 20001 11]
[:heuristic: 21002 21]
[:heuristic: 22000 17]
[:heuristic: 23001 11]
[:heuristic: 25000 11]
[:heuristic: 24002 16]
[:heuristic: 26001 11]
[:heuristic: 28002 20]
[:heuristic: 27000 17]
[:heuristic: 29001 10]
[:heuristic: 31000 11]
[:heuristic: 30002 20]
[:heuristic: 32001 11]
[:heuristic: 33000 11]
[:heuristic: 35001 10]
[:heuristic: 34002 16]
[:heuristic: 36000 10]
[:heuristic: 37001 11]
[:heuristic: 39000 10]
[:heuristic: 38002 19]
[:heuristic: 40001 11]
[:heuristic: 41000 11]
[:heuristic: 42002 16]
[:heuristic: 44000 10]
